<?xml version="1.0" encoding="UTF-8"?>
<testng-results ignored="0" total="12" passed="12" failed="0" skipped="0">
  <reporter-output>
  </reporter-output>
  <suite started-at="2023-07-25T21:18:18 IST" name="Commerce Site Test" finished-at="2023-07-25T21:18:58 IST" duration-ms="40591">
    <groups>
    </groups>
    <test started-at="2023-07-25T21:18:18 IST" name="Functionality Test" finished-at="2023-07-25T21:18:58 IST" duration-ms="40591">
      <class name="com.datalink.test.TestClass">
        <test-method is-config="true" signature="Setup()[pri:0, instance:com.datalink.test.TestClass@7bba5817]" started-at="2023-07-25T21:18:18 IST" name="Setup" finished-at="2023-07-25T21:18:32 IST" duration-ms="13852" status="PASS">
          <reporter-output>
          </reporter-output>
        </test-method> <!-- Setup -->
        <test-method signature="readUserData()[pri:1, instance:com.datalink.test.TestClass@7bba5817]" started-at="2023-07-25T21:18:32 IST" name="readUserData" finished-at="2023-07-25T21:18:35 IST" duration-ms="2853" status="PASS">
          <reporter-output>
          </reporter-output>
        </test-method> <!-- readUserData -->
        <test-method signature="AddToCart()[pri:2, instance:com.datalink.test.TestClass@7bba5817]" started-at="2023-07-25T21:18:35 IST" name="AddToCart" finished-at="2023-07-25T21:18:36 IST" duration-ms="1150" status="PASS">
          <reporter-output>
          </reporter-output>
        </test-method> <!-- AddToCart -->
        <test-method signature="CheckCart()[pri:3, instance:com.datalink.test.TestClass@7bba5817]" started-at="2023-07-25T21:18:37 IST" name="CheckCart" finished-at="2023-07-25T21:18:39 IST" duration-ms="1812" status="PASS">
          <reporter-output>
          </reporter-output>
        </test-method> <!-- CheckCart -->
        <test-method signature="Checkout()[pri:4, instance:com.datalink.test.TestClass@7bba5817]" started-at="2023-07-25T21:18:39 IST" name="Checkout" finished-at="2023-07-25T21:18:41 IST" duration-ms="1181" status="PASS">
          <reporter-output>
          </reporter-output>
        </test-method> <!-- Checkout -->
        <test-method signature="FirstName()[pri:5, instance:com.datalink.test.TestClass@7bba5817]" started-at="2023-07-25T21:18:41 IST" name="FirstName" finished-at="2023-07-25T21:18:42 IST" duration-ms="1358" status="PASS">
          <reporter-output>
          </reporter-output>
        </test-method> <!-- FirstName -->
        <test-method signature="LastName()[pri:6, instance:com.datalink.test.TestClass@7bba5817]" started-at="2023-07-25T21:18:43 IST" name="LastName" finished-at="2023-07-25T21:18:44 IST" duration-ms="1503" status="PASS">
          <reporter-output>
          </reporter-output>
        </test-method> <!-- LastName -->
        <test-method signature="ZipCode()[pri:7, instance:com.datalink.test.TestClass@7bba5817]" started-at="2023-07-25T21:18:44 IST" name="ZipCode" finished-at="2023-07-25T21:18:46 IST" duration-ms="1444" status="PASS">
          <reporter-output>
          </reporter-output>
        </test-method> <!-- ZipCode -->
        <test-method signature="Continue()[pri:8, instance:com.datalink.test.TestClass@7bba5817]" started-at="2023-07-25T21:18:46 IST" name="Continue" finished-at="2023-07-25T21:18:48 IST" duration-ms="1526" status="PASS">
          <reporter-output>
          </reporter-output>
        </test-method> <!-- Continue -->
        <test-method signature="Finish()[pri:9, instance:com.datalink.test.TestClass@7bba5817]" started-at="2023-07-25T21:18:48 IST" name="Finish" finished-at="2023-07-25T21:18:49 IST" duration-ms="1174" status="PASS">
          <reporter-output>
          </reporter-output>
        </test-method> <!-- Finish -->
        <test-method signature="BackToHome()[pri:10, instance:com.datalink.test.TestClass@7bba5817]" started-at="2023-07-25T21:18:50 IST" name="BackToHome" finished-at="2023-07-25T21:18:51 IST" duration-ms="1660" status="PASS">
          <reporter-output>
          </reporter-output>
        </test-method> <!-- BackToHome -->
        <test-method signature="MenuBtn()[pri:11, instance:com.datalink.test.TestClass@7bba5817]" started-at="2023-07-25T21:18:52 IST" name="MenuBtn" finished-at="2023-07-25T21:18:53 IST" duration-ms="1647" status="PASS">
          <reporter-output>
          </reporter-output>
        </test-method> <!-- MenuBtn -->
        <test-method signature="Logout()[pri:12, instance:com.datalink.test.TestClass@7bba5817]" started-at="2023-07-25T21:18:54 IST" name="Logout" finished-at="2023-07-25T21:18:55 IST" duration-ms="1301" status="PASS">
          <reporter-output>
          </reporter-output>
        </test-method> <!-- Logout -->
        <test-method is-config="true" signature="tearDown()[pri:0, instance:com.datalink.test.TestClass@7bba5817]" started-at="2023-07-25T21:18:56 IST" name="tearDown" finished-at="2023-07-25T21:18:58 IST" duration-ms="2911" status="PASS">
          <reporter-output>
          </reporter-output>
        </test-method> <!-- tearDown -->
      </class> <!-- com.datalink.test.TestClass -->
    </test> <!-- Functionality Test -->
  </suite> <!-- Commerce Site Test -->
</testng-results>
