<?xml version="1.0" encoding="UTF-8"?>
<!-- Generated by org.testng.reporters.JUnitXMLReporter -->
<testsuite ignored="0" hostname="DESKTOP-B2J9EPK" failures="0" tests="12" name="Functionality Test" time="40.591" errors="0" timestamp="2023-07-25T21:18:58 IST">
  <testcase classname="com.datalink.test.TestClass" name="readUserData" time="2.853"/>
  <testcase classname="com.datalink.test.TestClass" name="AddToCart" time="1.15"/>
  <testcase classname="com.datalink.test.TestClass" name="CheckCart" time="1.812"/>
  <testcase classname="com.datalink.test.TestClass" name="Checkout" time="1.181"/>
  <testcase classname="com.datalink.test.TestClass" name="FirstName" time="1.358"/>
  <testcase classname="com.datalink.test.TestClass" name="LastName" time="1.503"/>
  <testcase classname="com.datalink.test.TestClass" name="ZipCode" time="1.444"/>
  <testcase classname="com.datalink.test.TestClass" name="Continue" time="1.526"/>
  <testcase classname="com.datalink.test.TestClass" name="Finish" time="1.174"/>
  <testcase classname="com.datalink.test.TestClass" name="BackToHome" time="1.66"/>
  <testcase classname="com.datalink.test.TestClass" name="MenuBtn" time="1.647"/>
  <testcase classname="com.datalink.test.TestClass" name="Logout" time="1.301"/>
</testsuite> <!-- Functionality Test -->
